INFO  [2026-05-13 22:53:18] ** Raw data from Spectronaut imported successfully.
INFO  [2026-05-13 22:53:19] ** Raw data from Spectronaut cleaned successfully.
INFO  [2026-05-13 22:53:19] ** Using annotation extracted from quantification data.
INFO  [2026-05-13 22:53:19] ** Run labels were standardized to remove symbols such as '.' or '%'.
INFO  [2026-05-13 22:53:19] ** The following options are used:
  - Features will be defined by the columns: PeptideSequence, PrecursorCharge, FragmentIon, ProductCharge
  - Shared peptides will be removed.
  - Proteins with single feature will not be removed.
  - Features with less than 3 measurements across runs will be removed.
INFO  [2026-05-13 22:53:20] ** Intensities with values of FExcludedFromQuantification equal to TRUE are replaced with NA
INFO  [2026-05-13 22:53:20] ** Features with all missing measurements across runs are removed.
INFO  [2026-05-13 22:53:20] ** Shared peptides are removed.
INFO  [2026-05-13 22:53:21] ** Multiple measurements in a feature and a run are summarized by summaryforMultipleRows: max
INFO  [2026-05-13 22:53:22] ** Features with one or two measurements across runs are removed.
INFO  [2026-05-13 22:53:22] ** Run annotation merged with quantification data.
INFO  [2026-05-13 22:53:23] ** Features with one or two measurements across runs are removed.
INFO  [2026-05-13 22:53:23] ** Fractionation handled.
INFO  [2026-05-13 22:53:24] ** Updated quantification data to make balanced design. Missing values are marked by NA
INFO  [2026-05-13 22:53:24] 

INFO  [2026-05-13 22:53:25] ** Finished preprocessing. The dataset is ready to be processed by the dataProcess function.
INFO  [2026-05-13 22:53:25] 

