INFO  [2026-05-13 23:00:04] ** Raw data from Spectronaut imported successfully.
INFO  [2026-05-13 23:00:05] ** Raw data from Spectronaut cleaned successfully.
INFO  [2026-05-13 23:00:06] ** Using annotation extracted from quantification data.
INFO  [2026-05-13 23:00:06] ** Run labels were standardized to remove symbols such as '.' or '%'.
INFO  [2026-05-13 23:00:06] ** The following options are used:
  - Features will be defined by the columns: PeptideSequence, PrecursorCharge, FragmentIon, ProductCharge
  - Shared peptides will be removed.
  - Proteins with single feature will not be removed.
  - Features with less than 3 measurements across runs will be removed.
INFO  [2026-05-13 23:00:06] ** Intensities with values of FExcludedFromQuantification equal to TRUE are replaced with NA
INFO  [2026-05-13 23:00:08] ** Features with all missing measurements across runs are removed.
INFO  [2026-05-13 23:00:08] ** Shared peptides are removed.
INFO  [2026-05-13 23:00:11] ** Multiple measurements in a feature and a run are summarized by summaryforMultipleRows: max
INFO  [2026-05-13 23:00:11] ** Features with one or two measurements across runs are removed.
INFO  [2026-05-13 23:00:11] ** Run annotation merged with quantification data.
INFO  [2026-05-13 23:00:15] ** Features with one or two measurements across runs are removed.
INFO  [2026-05-13 23:00:15] ** Fractionation handled.
INFO  [2026-05-13 23:00:17] ** Updated quantification data to make balanced design. Missing values are marked by NA
INFO  [2026-05-13 23:00:17] 

INFO  [2026-05-13 23:00:17] ** Finished preprocessing. The dataset is ready to be processed by the dataProcess function.
INFO  [2026-05-13 23:00:17] 

